build/outputs/logs/manifest-merger-debug-report.txt
-- Merging decision tree log ---
manifest
ADDED from EclipseWorkSpace/example/AndroidManifest.xml:1:1-174:12
	package
		ADDED from EclipseWorkSpace/example/AndroidManifest.xml:2:5-36
	android:versionName
		ADDED from EclipseWorkSpace/example/AndroidManifest.xml:4:5-32
		INJECTED from EclipseWorkSpace/example/AndroidManifest.xml
		INJECTED from EclipseWorkSpace/example/AndroidManifest.xml
	android:versionCode
		ADDED from EclipseWorkSpace/example/AndroidManifest.xml:3:5-30
		INJECTED from EclipseWorkSpace/example/AndroidManifest.xml
		INJECTED from EclipseWorkSpace/example/AndroidManifest.xml
	xmlns:android
		ADDED from EclipseWorkSpace/example/AndroidManifest.xml:1:11-69
uses-sdk
ADDED from EclipseWorkSpace/example/AndroidManifest.xml:6:5-73
	android:targetSdkVersion
		ADDED from EclipseWorkSpace/example/AndroidManifest.xml:6:41-70
	android:minSdkVersion
		ADDED from EclipseWorkSpace/example/AndroidManifest.xml:6:15-40
permission#com.example.jpushdemo.permission.JPUSH_MESSAGE
ADDED from EclipseWorkSpace/example/AndroidManifest.xml:9:5-11:47
	android:protectionLevel
		ADDED from EclipseWorkSpace/example/AndroidManifest.xml:11:9-44
	android:name
		ADDED from EclipseWorkSpace/example/AndroidManifest.xml:10:9-70
uses-permission#com.example.jpushdemo.permission.JPUSH_MESSAGE
ADDED from EclipseWorkSpace/example/AndroidManifest.xml:14:5-86
	android:name
		ADDED from EclipseWorkSpace/example/AndroidManifest.xml:14:22-83
uses-permission#android.permission.RECEIVE_USER_PRESENT
ADDED from EclipseWorkSpace/example/AndroidManifest.xml:15:5-79
	android:name
		ADDED from EclipseWorkSpace/example/AndroidManifest.xml:15:22-76
uses-permission#android.permission.INTERNET
ADDED from EclipseWorkSpace/example/AndroidManifest.xml:16:5-67
	android:name
		ADDED from EclipseWorkSpace/example/AndroidManifest.xml:16:22-64
uses-permission#android.permission.READ_PHONE_STATE
ADDED from EclipseWorkSpace/example/AndroidManifest.xml:17:5-75
	android:name
		ADDED from EclipseWorkSpace/example/AndroidManifest.xml:17:22-72
uses-permission#android.permission.WRITE_EXTERNAL_STORAGE
ADDED from EclipseWorkSpace/example/AndroidManifest.xml:18:5-81
	android:name
		ADDED from EclipseWorkSpace/example/AndroidManifest.xml:18:22-78
uses-permission#android.permission.READ_EXTERNAL_STORAGE
ADDED from EclipseWorkSpace/example/AndroidManifest.xml:19:5-80
	android:name
		ADDED from EclipseWorkSpace/example/AndroidManifest.xml:19:22-77
uses-permission#android.permission.WRITE_SETTINGS
ADDED from EclipseWorkSpace/example/AndroidManifest.xml:20:5-73
	android:name
		ADDED from EclipseWorkSpace/example/AndroidManifest.xml:20:22-70
uses-permission#android.permission.MOUNT_UNMOUNT_FILESYSTEMS
ADDED from EclipseWorkSpace/example/AndroidManifest.xml:21:5-84
	android:name
		ADDED from EclipseWorkSpace/example/AndroidManifest.xml:21:22-81
uses-permission#android.permission.ACCESS_NETWORK_STATE
ADDED from EclipseWorkSpace/example/AndroidManifest.xml:22:5-79
	android:name
		ADDED from EclipseWorkSpace/example/AndroidManifest.xml:22:22-76
uses-permission#android.permission.ACCESS_WIFI_STATE
ADDED from EclipseWorkSpace/example/AndroidManifest.xml:23:5-76
	android:name
		ADDED from EclipseWorkSpace/example/AndroidManifest.xml:23:22-73
uses-permission#android.permission.VIBRATE
ADDED from EclipseWorkSpace/example/AndroidManifest.xml:28:5-66
	android:name
		ADDED from EclipseWorkSpace/example/AndroidManifest.xml:28:22-63
uses-permission#android.permission.SYSTEM_ALERT_WINDOW
ADDED from EclipseWorkSpace/example/AndroidManifest.xml:29:5-78
	android:name
		ADDED from EclipseWorkSpace/example/AndroidManifest.xml:29:22-75
uses-permission#android.permission.ACCESS_COARSE_LOCATION
ADDED from EclipseWorkSpace/example/AndroidManifest.xml:30:5-81
	android:name
		ADDED from EclipseWorkSpace/example/AndroidManifest.xml:30:22-78
uses-permission#android.permission.CHANGE_WIFI_STATE
ADDED from EclipseWorkSpace/example/AndroidManifest.xml:31:5-76
	android:name
		ADDED from EclipseWorkSpace/example/AndroidManifest.xml:31:22-73
uses-permission#android.permission.ACCESS_FINE_LOCATION
ADDED from EclipseWorkSpace/example/AndroidManifest.xml:32:5-79
	android:name
		ADDED from EclipseWorkSpace/example/AndroidManifest.xml:32:22-76
uses-permission#android.permission.ACCESS_LOCATION_EXTRA_COMMANDS
ADDED from EclipseWorkSpace/example/AndroidManifest.xml:33:5-89
	android:name
		ADDED from EclipseWorkSpace/example/AndroidManifest.xml:33:22-86
uses-permission#android.permission.CHANGE_NETWORK_STATE
ADDED from EclipseWorkSpace/example/AndroidManifest.xml:34:5-79
	android:name
		ADDED from EclipseWorkSpace/example/AndroidManifest.xml:34:22-76
uses-permission#android.permission.GET_TASKS
ADDED from EclipseWorkSpace/example/AndroidManifest.xml:35:5-68
	android:name
		ADDED from EclipseWorkSpace/example/AndroidManifest.xml:35:22-65
application
ADDED from EclipseWorkSpace/example/AndroidManifest.xml:37:5-173:19
	android:label
		ADDED from EclipseWorkSpace/example/AndroidManifest.xml:40:9-41
	android:allowBackup
		ADDED from EclipseWorkSpace/example/AndroidManifest.xml:39:9-36
	android:icon
		ADDED from EclipseWorkSpace/example/AndroidManifest.xml:38:9-45
	android:name
		ADDED from EclipseWorkSpace/example/AndroidManifest.xml:41:9-64
activity#com.example.jpushdemo.MainActivity
ADDED from EclipseWorkSpace/example/AndroidManifest.xml:44:9-51:20
	android:label
		ADDED from EclipseWorkSpace/example/AndroidManifest.xml:46:13-45
	android:name
		ADDED from EclipseWorkSpace/example/AndroidManifest.xml:45:13-62
intent-filter#android.intent.action.MAIN+android.intent.category.LAUNCHER
ADDED from EclipseWorkSpace/example/AndroidManifest.xml:47:13-50:29
action#android.intent.action.MAIN
ADDED from EclipseWorkSpace/example/AndroidManifest.xml:48:17-69
	android:name
		ADDED from EclipseWorkSpace/example/AndroidManifest.xml:48:25-66
category#android.intent.category.LAUNCHER
ADDED from EclipseWorkSpace/example/AndroidManifest.xml:49:17-77
	android:name
		ADDED from EclipseWorkSpace/example/AndroidManifest.xml:49:27-74
activity#com.example.jpushdemo.PushSetActivity
ADDED from EclipseWorkSpace/example/AndroidManifest.xml:53:8-115
	android:label
		ADDED from EclipseWorkSpace/example/AndroidManifest.xml:53:71-103
	android:name
		ADDED from EclipseWorkSpace/example/AndroidManifest.xml:53:18-70
activity#com.example.jpushdemo.SettingActivity
ADDED from EclipseWorkSpace/example/AndroidManifest.xml:55:8-115
	android:label
		ADDED from EclipseWorkSpace/example/AndroidManifest.xml:55:71-103
	android:name
		ADDED from EclipseWorkSpace/example/AndroidManifest.xml:55:18-70
activity#com.example.jpushdemo.TestActivity
ADDED from EclipseWorkSpace/example/AndroidManifest.xml:57:9-62:20
	android:exported
		ADDED from EclipseWorkSpace/example/AndroidManifest.xml:57:69-93
	android:name
		ADDED from EclipseWorkSpace/example/AndroidManifest.xml:57:19-68
intent-filter#jpush.testAction+jpush.testCategory
ADDED from EclipseWorkSpace/example/AndroidManifest.xml:58:13-61:29
action#jpush.testAction
ADDED from EclipseWorkSpace/example/AndroidManifest.xml:59:17-59
	android:name
		ADDED from EclipseWorkSpace/example/AndroidManifest.xml:59:25-56
category#jpush.testCategory
ADDED from EclipseWorkSpace/example/AndroidManifest.xml:60:17-63
	android:name
		ADDED from EclipseWorkSpace/example/AndroidManifest.xml:60:27-60
activity#cn.jpush.android.ui.PopWinActivity
ADDED from EclipseWorkSpace/example/AndroidManifest.xml:65:9-69:20
	android:exported
		ADDED from EclipseWorkSpace/example/AndroidManifest.xml:68:13-37
	android:theme
		ADDED from EclipseWorkSpace/example/AndroidManifest.xml:67:13-49
	android:name
		ADDED from EclipseWorkSpace/example/AndroidManifest.xml:66:13-62
activity#cn.jpush.android.ui.PushActivity
ADDED from EclipseWorkSpace/example/AndroidManifest.xml:72:9-82:20
	android:exported
		ADDED from EclipseWorkSpace/example/AndroidManifest.xml:76:13-37
	android:configChanges
		ADDED from EclipseWorkSpace/example/AndroidManifest.xml:74:13-63
	android:theme
		ADDED from EclipseWorkSpace/example/AndroidManifest.xml:75:13-60
	android:name
		ADDED from EclipseWorkSpace/example/AndroidManifest.xml:73:13-60
intent-filter#android.intent.category.DEFAULT+cn.jpush.android.ui.PushActivity+com.example.jpushdemo
ADDED from EclipseWorkSpace/example/AndroidManifest.xml:77:13-81:29
action#cn.jpush.android.ui.PushActivity
ADDED from EclipseWorkSpace/example/AndroidManifest.xml:78:17-75
	android:name
		ADDED from EclipseWorkSpace/example/AndroidManifest.xml:78:25-72
category#android.intent.category.DEFAULT
ADDED from EclipseWorkSpace/example/AndroidManifest.xml:79:17-76
	android:name
		ADDED from EclipseWorkSpace/example/AndroidManifest.xml:79:27-73
category#com.example.jpushdemo
ADDED from EclipseWorkSpace/example/AndroidManifest.xml:80:17-66
	android:name
		ADDED from EclipseWorkSpace/example/AndroidManifest.xml:80:27-63
service#cn.jpush.android.service.PushService
ADDED from EclipseWorkSpace/example/AndroidManifest.xml:86:9-96:19
	android:process
		ADDED from EclipseWorkSpace/example/AndroidManifest.xml:88:13-36
	android:exported
		ADDED from EclipseWorkSpace/example/AndroidManifest.xml:89:13-37
	android:name
		ADDED from EclipseWorkSpace/example/AndroidManifest.xml:87:13-64
intent-filter#cn.jpush.android.intent.PUSH_TIME+cn.jpush.android.intent.PushService+cn.jpush.android.intent.REGISTER+cn.jpush.android.intent.REPORT
ADDED from EclipseWorkSpace/example/AndroidManifest.xml:90:13-95:29
action#cn.jpush.android.intent.REGISTER
ADDED from EclipseWorkSpace/example/AndroidManifest.xml:91:17-75
	android:name
		ADDED from EclipseWorkSpace/example/AndroidManifest.xml:91:25-72
action#cn.jpush.android.intent.REPORT
ADDED from EclipseWorkSpace/example/AndroidManifest.xml:92:17-73
	android:name
		ADDED from EclipseWorkSpace/example/AndroidManifest.xml:92:25-70
action#cn.jpush.android.intent.PushService
ADDED from EclipseWorkSpace/example/AndroidManifest.xml:93:17-78
	android:name
		ADDED from EclipseWorkSpace/example/AndroidManifest.xml:93:25-75
action#cn.jpush.android.intent.PUSH_TIME
ADDED from EclipseWorkSpace/example/AndroidManifest.xml:94:17-76
	android:name
		ADDED from EclipseWorkSpace/example/AndroidManifest.xml:94:25-73
provider#cn.jpush.android.service.DataProvider
ADDED from EclipseWorkSpace/example/AndroidManifest.xml:98:9-102:11
	android:authorities
		ADDED from EclipseWorkSpace/example/AndroidManifest.xml:99:13-69
	android:exported
		ADDED from EclipseWorkSpace/example/AndroidManifest.xml:101:13-37
	android:name
		ADDED from EclipseWorkSpace/example/AndroidManifest.xml:100:13-65
service#cn.jpush.android.service.DaemonService
ADDED from EclipseWorkSpace/example/AndroidManifest.xml:106:9-115:19
	android:enabled
		ADDED from EclipseWorkSpace/example/AndroidManifest.xml:108:13-35
	android:exported
		ADDED from EclipseWorkSpace/example/AndroidManifest.xml:109:13-36
	android:name
		ADDED from EclipseWorkSpace/example/AndroidManifest.xml:107:13-66
intent-filter#cn.jpush.android.intent.DaemonService+com.example.jpushdemo
ADDED from EclipseWorkSpace/example/AndroidManifest.xml:110:13-113:29
action#cn.jpush.android.intent.DaemonService
ADDED from EclipseWorkSpace/example/AndroidManifest.xml:111:17-80
	android:name
		ADDED from EclipseWorkSpace/example/AndroidManifest.xml:111:25-77
provider#cn.jpush.android.service.DownloadProvider
ADDED from EclipseWorkSpace/example/AndroidManifest.xml:117:9-121:11
	android:authorities
		ADDED from EclipseWorkSpace/example/AndroidManifest.xml:118:13-73
	android:exported
		ADDED from EclipseWorkSpace/example/AndroidManifest.xml:120:13-36
	android:name
		ADDED from EclipseWorkSpace/example/AndroidManifest.xml:119:13-69
receiver#cn.jpush.android.service.PushReceiver
ADDED from EclipseWorkSpace/example/AndroidManifest.xml:123:9-142:20
	android:enabled
		ADDED from EclipseWorkSpace/example/AndroidManifest.xml:125:13-35
	android:exported
		ADDED from EclipseWorkSpace/example/AndroidManifest.xml:126:13-37
	android:name
		ADDED from EclipseWorkSpace/example/AndroidManifest.xml:124:13-65
intent-filter#cn.jpush.android.intent.NOTIFICATION_RECEIVED_PROXY+com.example.jpushdemo
ADDED from EclipseWorkSpace/example/AndroidManifest.xml:127:13-130:29
	android:priority
		ADDED from EclipseWorkSpace/example/AndroidManifest.xml:127:28-51
action#cn.jpush.android.intent.NOTIFICATION_RECEIVED_PROXY
ADDED from EclipseWorkSpace/example/AndroidManifest.xml:128:17-94
	android:name
		ADDED from EclipseWorkSpace/example/AndroidManifest.xml:128:25-91
intent-filter#android.intent.action.USER_PRESENT+android.net.conn.CONNECTIVITY_CHANGE
ADDED from EclipseWorkSpace/example/AndroidManifest.xml:131:13-134:29
action#android.intent.action.USER_PRESENT
ADDED from EclipseWorkSpace/example/AndroidManifest.xml:132:17-77
	android:name
		ADDED from EclipseWorkSpace/example/AndroidManifest.xml:132:25-74
action#android.net.conn.CONNECTIVITY_CHANGE
ADDED from EclipseWorkSpace/example/AndroidManifest.xml:133:17-79
	android:name
		ADDED from EclipseWorkSpace/example/AndroidManifest.xml:133:25-76
intent-filter#android.intent.action.PACKAGE_ADDED+android.intent.action.PACKAGE_REMOVED
ADDED from EclipseWorkSpace/example/AndroidManifest.xml:136:13-141:29
action#android.intent.action.PACKAGE_ADDED
ADDED from EclipseWorkSpace/example/AndroidManifest.xml:137:17-78
	android:name
		ADDED from EclipseWorkSpace/example/AndroidManifest.xml:137:25-75
action#android.intent.action.PACKAGE_REMOVED
ADDED from EclipseWorkSpace/example/AndroidManifest.xml:138:17-80
	android:name
		ADDED from EclipseWorkSpace/example/AndroidManifest.xml:138:25-77
data
ADDED from EclipseWorkSpace/example/AndroidManifest.xml:140:17-50
	android:scheme
		ADDED from EclipseWorkSpace/example/AndroidManifest.xml:140:23-47
receiver#cn.jpush.android.service.AlarmReceiver
ADDED from EclipseWorkSpace/example/AndroidManifest.xml:145:9-99
	android:exported
		ADDED from EclipseWorkSpace/example/AndroidManifest.xml:145:73-97
	android:name
		ADDED from EclipseWorkSpace/example/AndroidManifest.xml:145:19-72
receiver#com.example.jpushdemo.MyReceiver
ADDED from EclipseWorkSpace/example/AndroidManifest.xml:148:9-160:20
	android:enabled
		ADDED from EclipseWorkSpace/example/AndroidManifest.xml:151:13-35
	android:exported
		ADDED from EclipseWorkSpace/example/AndroidManifest.xml:150:13-37
	android:name
		ADDED from EclipseWorkSpace/example/AndroidManifest.xml:149:13-60
intent-filter#cn.jpush.android.intent.CONNECTION+cn.jpush.android.intent.MESSAGE_RECEIVED+cn.jpush.android.intent.NOTIFICATION_OPENED+cn.jpush.android.intent.NOTIFICATION_RECEIVED+cn.jpush.android.intent.REGISTRATION+com.example.jpushdemo
ADDED from EclipseWorkSpace/example/AndroidManifest.xml:152:13-159:29
action#cn.jpush.android.intent.REGISTRATION
ADDED from EclipseWorkSpace/example/AndroidManifest.xml:153:17-79
	android:name
		ADDED from EclipseWorkSpace/example/AndroidManifest.xml:153:25-76
action#cn.jpush.android.intent.MESSAGE_RECEIVED
ADDED from EclipseWorkSpace/example/AndroidManifest.xml:154:17-83
	android:name
		ADDED from EclipseWorkSpace/example/AndroidManifest.xml:154:25-80
action#cn.jpush.android.intent.NOTIFICATION_RECEIVED
ADDED from EclipseWorkSpace/example/AndroidManifest.xml:155:17-88
	android:name
		ADDED from EclipseWorkSpace/example/AndroidManifest.xml:155:25-85
action#cn.jpush.android.intent.NOTIFICATION_OPENED
ADDED from EclipseWorkSpace/example/AndroidManifest.xml:156:17-86
	android:name
		ADDED from EclipseWorkSpace/example/AndroidManifest.xml:156:25-83
action#cn.jpush.android.intent.CONNECTION
ADDED from EclipseWorkSpace/example/AndroidManifest.xml:157:17-77
	android:name
		ADDED from EclipseWorkSpace/example/AndroidManifest.xml:157:25-74
receiver#com.example.jpushdemo.MyJPushMessageReceiver
ADDED from EclipseWorkSpace/example/AndroidManifest.xml:163:9-168:20
	android:name
		ADDED from EclipseWorkSpace/example/AndroidManifest.xml:163:19-78
intent-filter#cn.jpush.android.intent.RECEIVE_MESSAGE+com.example.jpushdemo
ADDED from EclipseWorkSpace/example/AndroidManifest.xml:164:13-167:29
action#cn.jpush.android.intent.RECEIVE_MESSAGE
ADDED from EclipseWorkSpace/example/AndroidManifest.xml:165:17-82
	android:name
		ADDED from EclipseWorkSpace/example/AndroidManifest.xml:165:25-79
meta-data#JPUSH_CHANNEL
ADDED from EclipseWorkSpace/example/AndroidManifest.xml:170:9-84
	android:value
		ADDED from EclipseWorkSpace/example/AndroidManifest.xml:170:49-82
	android:name
		ADDED from EclipseWorkSpace/example/AndroidManifest.xml:170:20-48
meta-data#JPUSH_APPKEY
ADDED from EclipseWorkSpace/example/AndroidManifest.xml:171:9-77
	android:value
		ADDED from EclipseWorkSpace/example/AndroidManifest.xml:171:48-74
	android:name
		ADDED from EclipseWorkSpace/example/AndroidManifest.xml:171:20-47